<?xml version="1.0" encoding="UTF-8"?>
<testng-results ignored="0" total="1" passed="1" failed="0" skipped="0">
  <reporter-output>
    <line>
      <![CDATA[Hello]]>
    </line>
  </reporter-output>
  <suite started-at="2024-01-03T15:59:30 IST" name="Default suite" finished-at="2024-01-03T15:59:30 IST" duration-ms="66">
    <groups>
    </groups>
    <test started-at="2024-01-03T15:59:30 IST" name="Default test" finished-at="2024-01-03T15:59:30 IST" duration-ms="66">
      <class name="testscripts.Demo">
        <test-method signature="openBrowser()[pri:0, instance:testscripts.Demo@53045c6c]" started-at="2024-01-03T15:59:30 IST" name="openBrowser" finished-at="2024-01-03T15:59:30 IST" duration-ms="10" status="PASS">
          <reporter-output>
            <line>
              <![CDATA[Hello]]>
            </line>
          </reporter-output>
        </test-method> <!-- openBrowser -->
      </class> <!-- testscripts.Demo -->
    </test> <!-- Default test -->
  </suite> <!-- Default suite -->
</testng-results>
